[23:45:21]: [33mfastlane detected a Gemfile in the current directory[0m
[23:45:21]: [33mhowever it seems like you don't use `bundle exec`[0m
[23:45:21]: [33mto launch fastlane faster, please use[0m
[23:45:21]: 
[23:45:21]: [36m$ bundle exec fastlane release subject:ATMMachine[0m
[23:45:21]: 
[23:45:21]: [33mGet started using a Gemfile for fastlane https://docs.fastlane.tools/getting-started/ios/setup/#use-a-gemfile[0m
[23:45:24]: [31mYour Fastfile has had smart quotes sanitised. To avoid issues in the future, you should not use TextEdit for editing it. If you are not using TextEdit, you should turn off smart quotes in your editor of choice.[0m
[23:45:24]: [32mDriving the lane 'release' üöÄ[0m
[23:45:24]: [32m----------------------------------[0m
[23:45:24]: [32m--- Step: Switch to tuist lane ---[0m
[23:45:24]: [32m----------------------------------[0m
[23:45:24]: Cruising over to lane 'tuist' üöñ
[23:45:24]: [32m-------------------------------------------------[0m
[23:45:24]: [32m--- Step: tuist generate -p .. --project-only ---[0m
[23:45:24]: [32m-------------------------------------------------[0m
[23:45:24]: [36m$ tuist generate -p .. --project-only[0m
[23:45:26]: ‚ñ∏ [35mGenerating project Wayfinder[0m
[23:45:26]: ‚ñ∏ [35m[1m[32mProject generated.[0m[1m[0m
[23:45:26]: ‚ñ∏ [35mTotal time taken: 2.604s[0m
[23:45:26]: Cruising back to lane 'release' üöò
[23:45:26]: [32m-------------------------------[0m
[23:45:26]: [32m--- Step: create_app_online ---[0m
[23:45:26]: [32m-------------------------------[0m

+----------------+-----------------------------------+
|            [32mSummary for produce 2.131.0[0m             |
+----------------+-----------------------------------+
| app_name       | ATMMachineFinder                  |
| app_identifier | com.dylanelliott.ATMMachineFinder |
| username       | dylan.elliott@gmail.com           |
| sku            | 1586094327                        |
| platform       | ios                               |
| language       | English                           |
| skip_itc       | false                             |
| skip_devcenter | false                             |
+----------------+-----------------------------------+

[23:45:30]: [32m[DevCenter] App 'com.dylanelliott.ATMMachineFinder' already exists, nothing to do on the Dev Center[0m
[23:45:34]: [32mApp 'com.dylanelliott.ATMMachineFinder' already exists (1506469517), nothing to do on App Store Connect[0m
[23:45:35]: [32m--------------------------------------[0m
[23:45:35]: [32m--- Step: get_provisioning_profile ---[0m
[23:45:35]: [32m--------------------------------------[0m

+-------------------------------------+-----------------------------------+
|                        [32mSummary for sigh 2.131.0[0m                         |
+-------------------------------------+-----------------------------------+
| app_identifier                      | com.dylanelliott.ATMMachineFinder |
| force                               | true                              |
| adhoc                               | false                             |
| developer_id                        | false                             |
| development                         | false                             |
| skip_install                        | false                             |
| username                            | dylan.elliott@gmail.com           |
| ignore_profiles_with_different_name | false                             |
| skip_fetch_profiles                 | false                             |
| skip_certificate_verification       | false                             |
| platform                            | ios                               |
| readonly                            | false                             |
+-------------------------------------+-----------------------------------+

[23:45:35]: Starting login with user 'dylan.elliott@gmail.com'
[23:45:38]: Successfully logged in
[23:45:38]: Fetching profiles...
[23:45:39]: Verifying certificates...
[23:45:41]: [32mFound 1 matching profile(s)[0m
[23:45:41]: [33mRecreating the profile[0m
[23:45:45]: [33mCreating new provisioning profile for 'com.dylanelliott.ATMMachineFinder' with name 'com.dylanelliott.ATMMachineFinder AppStore' for 'ios' platform[0m
[23:45:46]: [33mDownloading provisioning profile...[0m
[23:45:47]: [32mSuccessfully downloaded provisioning profile...[0m
[23:45:47]: Installing provisioning profile...
[32m/Users/dylan/Code/Wayfinder/AppStore_com.dylanelliott.ATMMachineFinder.mobileprovision[0m
[23:45:47]: Setting Provisioning Profile type to 'app-store'
[23:45:47]: [32m-----------------------[0m
[23:45:47]: [32m--- Step: build_app ---[0m
[23:45:47]: [32m-----------------------[0m
[23:45:47]: [36m$ xcodebuild -showBuildSettings -scheme ATMMachineFinder -project ./Wayfinder.xcodeproj[0m
[23:45:50]: Detected provisioning profile mapping: {:"com.dylanelliott.ATMMachineFinder"=>"com.dylanelliott.ATMMachineFinder AppStore", :"com.dylanelliott.Wayfinder"=>"com.dylanelliott.Wayfinder AppStore", :"com.dylanelliott.BeerFinder"=>"com.dylanelliott.BeerFinder AppStore", :"com.dylanelliott.SupermarketFinder"=>"com.dylanelliott.SupermarketFinder AppStore", :"com.dylanelliott.ArtGalleryFinder"=>"com.dylanelliott.ArtGalleryFinder AppStore", :"com.dylanelliott.findercreator"=>"com.dylanelliott.FinderCreator AppStore"}

+--------------------------------------+--------------------------------------+
|                           [32mSummary for gym 2.131.0[0m                           |
+--------------------------------------+--------------------------------------+
| scheme                               | ATMMachineFinder                     |
| export_method                        | app-store                            |
| export_options.provisioningProfiles  | com.dylanelliott.ATMMachineFinder    |
| .com.dylanelliott.ATMMachineFinder   | AppStore                             |
| export_options.provisioningProfiles  | com.dylanelliott.Wayfinder AppStore  |
| .com.dylanelliott.Wayfinder          |                                      |
| export_options.provisioningProfiles  | com.dylanelliott.BeerFinder          |
| .com.dylanelliott.BeerFinder         | AppStore                             |
| export_options.provisioningProfiles  | com.dylanelliott.SupermarketFinder   |
| .com.dylanelliott.SupermarketFinder  | AppStore                             |
| export_options.provisioningProfiles  | com.dylanelliott.ArtGalleryFinder    |
| .com.dylanelliott.ArtGalleryFinder   | AppStore                             |
| export_options.provisioningProfiles  | com.dylanelliott.FinderCreator       |
| .com.dylanelliott.findercreator      | AppStore                             |
| project                              | ./Wayfinder.xcodeproj                |
| destination                          | generic/platform=iOS                 |
| output_name                          | ATMMachineFinder                     |
| build_path                           | /Users/dylan/Library/Developer/Xcod  |
|                                      | e/Archives/2020-04-05                |
| clean                                | false                                |
| output_directory                     | .                                    |
| silent                               | false                                |
| skip_package_ipa                     | false                                |
| result_bundle                        | false                                |
| buildlog_path                        | ~/Library/Logs/gym                   |
| skip_profile_detection               | false                                |
| xcode_path                           | /Applications/Xcode.app              |
+--------------------------------------+--------------------------------------+

[23:45:51]: [36m$ set -o pipefail && xcodebuild -scheme ATMMachineFinder -project ./Wayfinder.xcodeproj -destination 'generic/platform=iOS' -archivePath /Users/dylan/Library/Developer/Xcode/Archives/2020-04-05/ATMMachineFinder\ 2020-04-05\ 23.45.51.xcarchive archive | tee /Users/dylan/Library/Logs/gym/ATMMachineFinder-ATMMachineFinder.log | xcpretty[0m
[23:45:55]: ‚ñ∏ [35m[33m‚ö†Ô∏è  [0m/Users/dylan/Code/Wayfinder/Single_Apps/Wayfinder Shared/Sources/Google Places/GooglePlacesManager.swift:64:31: [33mimmutable value 'error' was never used; consider replacing with '_' or removing it[0m
[23:45:55]: ‚ñ∏ [35m            case .failure(let error):[0m
[23:45:55]: ‚ñ∏ [35m[36m                              ^~~~~[0m
[23:45:55]: ‚ñ∏ [35m[33m‚ö†Ô∏è  [0m/Users/dylan/Code/Wayfinder/Single_Apps/Wayfinder Shared/Sources/Heading View Controller/Headable.swift:27:44: [33m'addressDictionary' was deprecated in iOS 11.0: Use @properties[0m
[23:45:55]: ‚ñ∏ [35m        var addressLines : [String] = self.addressDictionary!["FormattedAddressLines"] as! [String][0m
[23:45:55]: ‚ñ∏ [35m[36m                                           ^[0m
[23:45:56]: [35m[33m‚ñ∏[0m [39;1mLinking[0m ATMMachineFinder[0m
[23:46:00]: [35m[33m‚ñ∏[0m [39;1mCompiling[0m Main.storyboard[0m
[23:46:06]: [35m[33m‚ñ∏[0m [39;1mCompiling[0m LaunchScreen.storyboard[0m
[23:46:06]: [35m[33m‚ñ∏[0m [39;1mProcessing[0m ATMMachineFinder.plist[0m
[23:46:06]: [35m[33m‚ñ∏[0m [39;1mGenerating 'ATMMachineFinder.app.dSYM'[0m
[23:46:07]: [35m[33m‚ñ∏[0m [39;1mRunning script[0m 'Embed Precompiled Frameworks'[0m
[23:46:13]: [35m[33m‚ñ∏[0m [39;1mTouching[0m ATMMachineFinder.app (in target 'ATMMachineFinder' from project 'Wayfinder')[0m
[23:46:13]: [35m[33m‚ñ∏[0m [39;1mArchive[0m Succeeded[0m
[23:46:13]: [33mGenerated plist file with the following values:[0m
[23:46:13]: ‚ñ∏ [35m-----------------------------------------[0m
[23:46:13]: ‚ñ∏ [35m{[0m
[23:46:13]: ‚ñ∏ [35m  "provisioningProfiles": {[0m
[23:46:13]: ‚ñ∏ [35m    "com.dylanelliott.ATMMachineFinder": "com.dylanelliott.ATMMachineFinder AppStore",[0m
[23:46:13]: ‚ñ∏ [35m    "com.dylanelliott.Wayfinder": "com.dylanelliott.Wayfinder AppStore",[0m
[23:46:13]: ‚ñ∏ [35m    "com.dylanelliott.BeerFinder": "com.dylanelliott.BeerFinder AppStore",[0m
[23:46:13]: ‚ñ∏ [35m    "com.dylanelliott.SupermarketFinder": "com.dylanelliott.SupermarketFinder AppStore",[0m
[23:46:13]: ‚ñ∏ [35m    "com.dylanelliott.ArtGalleryFinder": "com.dylanelliott.ArtGalleryFinder AppStore",[0m
[23:46:13]: ‚ñ∏ [35m    "com.dylanelliott.findercreator": "com.dylanelliott.FinderCreator AppStore"[0m
[23:46:13]: ‚ñ∏ [35m  },[0m
[23:46:13]: ‚ñ∏ [35m  "method": "app-store",[0m
[23:46:13]: ‚ñ∏ [35m  "signingStyle": "manual"[0m
[23:46:13]: ‚ñ∏ [35m}[0m
[23:46:13]: ‚ñ∏ [35m-----------------------------------------[0m
[23:46:13]: [36m$ /usr/bin/xcrun /Users/dylan/.fastlane/bin/bundle/lib/ruby/gems/2.2.0/gems/fastlane-2.131.0/gym/lib/assets/wrap_xcodebuild/xcbuild-safe.sh -exportArchive -exportOptionsPlist '/var/folders/1c/qc9jx10n5_q8r5tylpktsg780000gn/T/gym_config20200405-37186-6eegzh.plist' -archivePath /Users/dylan/Library/Developer/Xcode/Archives/2020-04-05/ATMMachineFinder\ 2020-04-05\ 23.45.51.xcarchive -exportPath '/var/folders/1c/qc9jx10n5_q8r5tylpktsg780000gn/T/gym_output20200405-37186-i7za90' [0m
[23:46:36]: Mapping dSYM(s) using generated BCSymbolMaps
[23:46:36]: [36m$ dsymutil --symbol-map /Users/dylan/Library/Developer/Xcode/Archives/2020-04-05/ATMMachineFinder\ 2020-04-05\ 23.45.51.xcarchive/BCSymbolMaps/F1F7FCAD-4AB2-38E2-A292-8995F1C4AD6F.bcsymbolmap /Users/dylan/Library/Developer/Xcode/Archives/2020-04-05/ATMMachineFinder\ 2020-04-05\ 23.45.51.xcarchive/dSYMs/ATMMachineFinder.app.dSYM[0m
[23:46:36]: [36m$ dsymutil --symbol-map /Users/dylan/Library/Developer/Xcode/Archives/2020-04-05/ATMMachineFinder\ 2020-04-05\ 23.45.51.xcarchive/BCSymbolMaps/CC1B083A-EE20-3589-A388-FD308A7926FA.bcsymbolmap /Users/dylan/Library/Developer/Xcode/Archives/2020-04-05/ATMMachineFinder\ 2020-04-05\ 23.45.51.xcarchive/dSYMs/Alamofire.framework.dSYM[0m
[23:46:37]: Compressing 2 dSYM(s)
[23:46:37]: [36m$ cd '/Users/dylan/Library/Developer/Xcode/Archives/2020-04-05/ATMMachineFinder 2020-04-05 23.45.51.xcarchive/dSYMs' && zip -r '/Users/dylan/Code/Wayfinder/ATMMachineFinder.app.dSYM.zip' *.dSYM[0m
[23:46:37]: ‚ñ∏ [35mupdating: ATMMachineFinder.app.dSYM/ (stored 0%)[0m
[23:46:37]: ‚ñ∏ [35mupdating: ATMMachineFinder.app.dSYM/Contents/ (stored 0%)[0m
[23:46:37]: ‚ñ∏ [35mupdating: ATMMachineFinder.app.dSYM/Contents/Resources/ (stored 0%)[0m
[23:46:37]: ‚ñ∏ [35mupdating: ATMMachineFinder.app.dSYM/Contents/Resources/DWARF/ (stored 0%)[0m
[23:46:37]: ‚ñ∏ [35mupdating: ATMMachineFinder.app.dSYM/Contents/Resources/DWARF/ATMMachineFinder (deflated 64%)[0m
[23:46:37]: ‚ñ∏ [35mupdating: ATMMachineFinder.app.dSYM/Contents/Info.plist (deflated 52%)[0m
[23:46:37]: ‚ñ∏ [35mupdating: Alamofire.framework.dSYM/ (stored 0%)[0m
[23:46:37]: ‚ñ∏ [35mupdating: Alamofire.framework.dSYM/Contents/ (stored 0%)[0m
[23:46:37]: ‚ñ∏ [35mupdating: Alamofire.framework.dSYM/Contents/Resources/ (stored 0%)[0m
[23:46:37]: ‚ñ∏ [35mupdating: Alamofire.framework.dSYM/Contents/Resources/DWARF/ (stored 0%)[0m
[23:46:37]: ‚ñ∏ [35mupdating: Alamofire.framework.dSYM/Contents/Resources/DWARF/Alamofire (deflated 75%)[0m
[23:46:37]: ‚ñ∏ [35mupdating: Alamofire.framework.dSYM/Contents/Info.plist (deflated 52%)[0m

[23:46:37]: [32mSuccessfully exported and compressed dSYM file[0m
[23:46:37]: [32mSuccessfully exported and signed the ipa file:[0m
[23:46:37]: /Users/dylan/Code/Wayfinder/ATMMachineFinder.ipa
[23:46:37]: [32m----------------------[0m
[23:46:37]: [32m--- Step: snapshot ---[0m
[23:46:37]: [32m----------------------[0m
[23:46:40]: [32mSuccessfully loaded '/Users/dylan/Code/Wayfinder/fastlane/Snapfile' üìÑ[0m

+----------------------+---------------------+
| Detected Values from './fastlane/Snapfile' |
+----------------------+---------------------+
| devices              | ["iPhone 11"]       |
+----------------------+---------------------+

[23:46:40]: [36m$ xcodebuild -showBuildSettings -scheme ATMMachineFinder_UITests -project ./Wayfinder.xcodeproj[0m

+----------------------------+--------------------------------------+
|                   [32mSummary for snapshot 2.131.0[0m                    |
+----------------------------+--------------------------------------+
| devices                    | ["iPhone 8 Plus", "iPhone 11 Pro     |
|                            | Max"]                                |
| scheme                     | ATMMachineFinder_UITests             |
| clear_previous_screenshots | true                                 |
| project                    | ./Wayfinder.xcodeproj                |
| output_directory           | /Users/dylan/Code/Wayfinder/fastlan  |
|                            | e/screenshots                        |
| languages                  | ["en-US"]                            |
| launch_arguments           | [""]                                 |
| output_simulator_logs      | false                                |
| skip_open_summary          | false                                |
| skip_helper_version_check  | false                                |
| reinstall_app              | false                                |
| erase_simulator            | false                                |
| localize_simulator         | false                                |
| buildlog_path              | ~/Library/Logs/snapshot              |
| clean                      | false                                |
| number_of_retries          | 1                                    |
| stop_after_first_error     | false                                |
| result_bundle              | false                                |
| concurrent_simulators      | true                                 |
| xcode_path                 | /Applications/Xcode.app              |
+----------------------------+--------------------------------------+

[23:46:43]: [33mClearing previously generated screenshots[0m
[23:46:43]: [32mBuilding and running project - this might take some time...[0m
[23:46:43]: Patching simulators '/Users/dylan/Library/Preferences/com.apple.iphonesimulator.plist' to scale to 100%
[23:46:45]: [33mUsing device named 'iPhone 8 Plus' with version '13.3' because no match was found for version '13.2'[0m
[23:46:45]: [33mUsing device named 'iPhone 11 Pro Max' with version '13.3' because no match was found for version '13.2'[0m
[23:46:45]: [33mRunning snapshot on: iPhone 8 Plus, iPhone 11 Pro Max[0m
[23:46:45]: [36m$ set -o pipefail && xcodebuild -scheme ATMMachineFinder_UITests -project ./Wayfinder.xcodeproj -derivedDataPath '/var/folders/1c/qc9jx10n5_q8r5tylpktsg780000gn/T/snapshot_derived20200405-37186-1hde412' -destination 'platform=iOS Simulator,name=iPhone 8 Plus,OS=13.3' -destination 'platform=iOS Simulator,name=iPhone 11 Pro Max,OS=13.3' FASTLANE_SNAPSHOT=YES build test | tee /Users/dylan/Library/Logs/snapshot/ATMMachineFinder_UITests-ATMMachineFinder_UITests.log | xcpretty [0m
[23:46:45]: ‚ñ∏ [35mLoading...[0m
[23:46:47]: [35m[33m‚ñ∏[0m [39;1mCompiling[0m Colors.swift[0m
[23:46:56]: ‚ñ∏ [35m[33m‚ö†Ô∏è  [0m/Users/dylan/Code/Wayfinder/Single_Apps/Wayfinder Shared/Sources/Google Places/GooglePlacesManager.swift:64:31: [33mimmutable value 'error' was never used; consider replacing with '_' or removing it[0m
[23:46:56]: ‚ñ∏ [35m            case .failure(let error):[0m
[23:46:56]: ‚ñ∏ [35m[36m                              ^~~~~[0m
[23:46:56]: [35m[33m‚ñ∏[0m [39;1mCompiling[0m AppDelegate.swift[0m
[23:46:56]: ‚ñ∏ [35m[33m‚ö†Ô∏è  [0m/Users/dylan/Code/Wayfinder/Single_Apps/Wayfinder Shared/Sources/Google Places/GooglePlacesManager.swift:64:31: [33mimmutable value 'error' was never used; consider replacing with '_' or removing it[0m
[23:46:56]: ‚ñ∏ [35m            case .failure(let error):[0m
[23:46:56]: ‚ñ∏ [35m[36m                              ^~~~~[0m
[23:46:56]: [35m[33m‚ñ∏[0m [39;1mCompiling[0m Credentials.swift[0m
[23:46:56]: ‚ñ∏ [35m[33m‚ö†Ô∏è  [0m/Users/dylan/Code/Wayfinder/Single_Apps/Wayfinder Shared/Sources/Google Places/GooglePlacesManager.swift:64:31: [33mimmutable value 'error' was never used; consider replacing with '_' or removing it[0m
[23:46:56]: ‚ñ∏ [35m            case .failure(let error):[0m
[23:46:56]: ‚ñ∏ [35m[36m                              ^~~~~[0m
[23:46:56]: [35m[33m‚ñ∏[0m [39;1mCompiling[0m GooglePlace.swift[0m
[23:46:56]: ‚ñ∏ [35m[33m‚ö†Ô∏è  [0m/Users/dylan/Code/Wayfinder/Single_Apps/Wayfinder Shared/Sources/Google Places/GooglePlacesManager.swift:64:31: [33mimmutable value 'error' was never used; consider replacing with '_' or removing it[0m
[23:46:56]: ‚ñ∏ [35m            case .failure(let error):[0m
[23:46:56]: ‚ñ∏ [35m[36m                              ^~~~~[0m
[23:46:56]: [35m[33m‚ñ∏[0m [39;1mCompiling[0m GooglePlacesManager.swift[0m
[23:46:56]: ‚ñ∏ [35m[33m‚ö†Ô∏è  [0m/Users/dylan/Code/Wayfinder/Single_Apps/Wayfinder Shared/Sources/Google Places/GooglePlacesManager.swift:64:31: [33mimmutable value 'error' was never used; consider replacing with '_' or removing it[0m
[23:46:56]: ‚ñ∏ [35m            case .failure(let error):[0m
[23:46:56]: ‚ñ∏ [35m[36m                              ^~~~~[0m
[23:46:56]: [35m[33m‚ñ∏[0m [39;1mCompiling[0m ArrowView.swift[0m
[23:46:57]: ‚ñ∏ [35m[33m‚ö†Ô∏è  [0m/Users/dylan/Code/Wayfinder/Single_Apps/Wayfinder Shared/Sources/Heading View Controller/Headable.swift:27:44: [33m'addressDictionary' was deprecated in iOS 11.0: Use @properties[0m
[23:46:57]: ‚ñ∏ [35m        var addressLines : [String] = self.addressDictionary!["FormattedAddressLines"] as! [String][0m
[23:46:57]: ‚ñ∏ [35m[36m                                           ^[0m
[23:46:57]: [35m[33m‚ñ∏[0m [39;1mCompiling[0m Headable.swift[0m
[23:46:57]: ‚ñ∏ [35m[33m‚ö†Ô∏è  [0m/Users/dylan/Code/Wayfinder/Single_Apps/Wayfinder Shared/Sources/Heading View Controller/Headable.swift:27:44: [33m'addressDictionary' was deprecated in iOS 11.0: Use @properties[0m
[23:46:57]: ‚ñ∏ [35m        var addressLines : [String] = self.addressDictionary!["FormattedAddressLines"] as! [String][0m
[23:46:57]: ‚ñ∏ [35m[36m                                           ^[0m
[23:46:57]: [35m[33m‚ñ∏[0m [39;1mCompiling[0m HeadingView.swift[0m
[23:46:57]: ‚ñ∏ [35m[33m‚ö†Ô∏è  [0m/Users/dylan/Code/Wayfinder/Single_Apps/Wayfinder Shared/Sources/Heading View Controller/Headable.swift:27:44: [33m'addressDictionary' was deprecated in iOS 11.0: Use @properties[0m
[23:46:57]: ‚ñ∏ [35m        var addressLines : [String] = self.addressDictionary!["FormattedAddressLines"] as! [String][0m
[23:46:57]: ‚ñ∏ [35m[36m                                           ^[0m
[23:46:57]: [35m[33m‚ñ∏[0m [39;1mCompiling[0m HeadingViewController.swift[0m
[23:46:57]: ‚ñ∏ [35m[33m‚ö†Ô∏è  [0m/Users/dylan/Code/Wayfinder/Single_Apps/Wayfinder Shared/Sources/Heading View Controller/Headable.swift:27:44: [33m'addressDictionary' was deprecated in iOS 11.0: Use @properties[0m
[23:46:57]: ‚ñ∏ [35m        var addressLines : [String] = self.addressDictionary!["FormattedAddressLines"] as! [String][0m
[23:46:57]: ‚ñ∏ [35m[36m                                           ^[0m
[23:46:57]: [35m[33m‚ñ∏[0m [39;1mCompiling[0m LaunchArguments.swift[0m
[23:46:57]: ‚ñ∏ [35m[33m‚ö†Ô∏è  [0m/Users/dylan/Code/Wayfinder/Single_Apps/Wayfinder Shared/Sources/Heading View Controller/Headable.swift:27:44: [33m'addressDictionary' was deprecated in iOS 11.0: Use @properties[0m
[23:46:57]: ‚ñ∏ [35m        var addressLines : [String] = self.addressDictionary!["FormattedAddressLines"] as! [String][0m
[23:46:57]: ‚ñ∏ [35m[36m                                           ^[0m
[23:46:57]: [35m[33m‚ñ∏[0m [39;1mCompiling[0m LocationSelectionViewController.swift[0m
[23:46:57]: [35m[33m‚ñ∏[0m [39;1mCompiling[0m MainViewController.swift[0m
[23:46:57]: [35m[33m‚ñ∏[0m [39;1mCompiling[0m LocationSearchManager.swift[0m
[23:46:57]: [35m[33m‚ñ∏[0m [39;1mCompiling[0m MultiPlaceHeadingViewController.swift[0m
[23:46:57]: [35m[33m‚ñ∏[0m [39;1mCompiling[0m SinglePlaceHeadingViewController.swift[0m
[23:46:57]: [35m[33m‚ñ∏[0m [39;1mCompiling[0m UIColor+Hex.swift[0m
[23:46:57]: [35m[33m‚ñ∏[0m [39;1mCompiling[0m UIColor+SharedColors.swift[0m
[23:46:57]: [35m[33m‚ñ∏[0m [39;1mCompiling[0m UserLocationManager.swift[0m
[23:46:57]: [35m[33m‚ñ∏[0m [39;1mLinking[0m ATMMachineFinder[0m
[23:46:59]: [35m[33m‚ñ∏[0m [39;1mCompiling[0m LaunchScreen.storyboard[0m
[23:47:00]: [35m[33m‚ñ∏[0m [39;1mCompiling[0m Main.storyboard[0m
[23:47:00]: [35m[33m‚ñ∏[0m [39;1mProcessing[0m ATMMachineFinder.plist[0m
[23:47:00]: [35m[33m‚ñ∏[0m [39;1mRunning script[0m 'Embed Precompiled Frameworks'[0m
[23:47:02]: [35m[33m‚ñ∏[0m [39;1mCompiling[0m Springboard.swift[0m
[23:47:05]: [35m[33m‚ñ∏[0m [39;1mCompiling[0m WayfinderTests.swift[0m
[23:47:05]: [35m[33m‚ñ∏[0m [39;1mCompiling[0m SnapshotHelper.swift[0m
[23:47:05]: [35mRunning Tests: [33m‚ñ∏[0m [39;1mTouching[0m ATMMachineFinder.app (in target 'ATMMachineFinder' from project 'Wayfinder')[0m
[23:47:05]: [35m[33m‚ñ∏[0m [39;1mProcessing[0m ATMMachineFinder_UITests.plist[0m
[23:47:05]: [35m[33m‚ñ∏[0m [39;1mLinking[0m ATMMachineFinder_UITests[0m
[23:47:06]: [35m[33m‚ñ∏[0m [39;1mRunning script[0m 'Embed Precompiled Frameworks'[0m
[23:47:06]: [35m[33m‚ñ∏[0m [39;1mCopying[0m /Applications/Xcode.app/Contents/Developer/Platforms/iPhoneSimulator.platform/Developer/usr/lib/libXCTestSwiftSupport.dylib[0m
[23:47:06]: [35m[33m‚ñ∏[0m [39;1mCopying[0m /Applications/Xcode.app/Contents/Developer/Platforms/iPhoneSimulator.platform/Developer/Library/PrivateFrameworks/XCTAutomationSupport.framework[0m
[23:47:06]: [35m[33m‚ñ∏[0m [39;1mCopying[0m /Applications/Xcode.app/Contents/Developer/Platforms/iPhoneSimulator.platform/Developer/Library/Frameworks/XCTest.framework[0m
[23:47:06]: [35mRunning Tests: [33m‚ñ∏[0m [39;1mTouching[0m ATMMachineFinder_UITests.xctest (in target 'ATMMachineFinder_UITests' from project 'Wayfinder')[0m
[23:47:06]: [35m[33m‚ñ∏[0m [39;1mBuild[0m Succeeded[0m
[23:47:06]: [35m[33m‚ñ∏[0m [39;1mLinking[0m ATMMachineFinder[0m
[23:47:07]: [35m[33m‚ñ∏[0m [39;1mProcessing[0m ATMMachineFinder.plist[0m
[23:47:07]: [35m[33m‚ñ∏[0m [39;1mRunning script[0m 'Embed Precompiled Frameworks'[0m
[23:47:08]: [35m[33m‚ñ∏[0m [39;1mCompiling[0m Springboard.swift[0m
[23:47:08]: [35m[33m‚ñ∏[0m [39;1mCompiling[0m WayfinderTests.swift[0m
[23:47:08]: [35m[33m‚ñ∏[0m [39;1mCompiling[0m SnapshotHelper.swift[0m
[23:47:09]: [35m[33m‚ñ∏[0m [39;1mProcessing[0m ATMMachineFinder_UITests.plist[0m
[23:47:09]: [35m[33m‚ñ∏[0m [39;1mLinking[0m ATMMachineFinder_UITests[0m
[23:47:09]: [35m[33m‚ñ∏[0m [39;1mRunning script[0m 'Embed Precompiled Frameworks'[0m
[23:47:09]: [35m[33m‚ñ∏[0m [39;1mBuild[0m Succeeded[0m
[23:47:09]: [35m[33m‚ñ∏[0m [39;1mLinking[0m ATMMachineFinder[0m
[23:47:10]: [35m[33m‚ñ∏[0m [39;1mRunning script[0m 'Embed Precompiled Frameworks'[0m
[23:47:11]: [35m[33m‚ñ∏[0m [39;1mProcessing[0m ATMMachineFinder.plist[0m
[23:47:12]: [35m[33m‚ñ∏[0m [39;1mProcessing[0m ATMMachineFinder_UITests.plist[0m
[23:47:12]: [35m[33m‚ñ∏[0m [39;1mLinking[0m ATMMachineFinder_UITests[0m
[23:47:12]: [35m[33m‚ñ∏[0m [39;1mRunning script[0m 'Embed Precompiled Frameworks'[0m
[23:47:12]: ‚ñ∏ [35m2020-04-05 23:47:12.872 xcodebuild[37812:683920]  IDETestOperationsObserverDebug: Writing diagnostic log for test session to:[0m
[23:47:12]: ‚ñ∏ [35m/var/folders/1c/qc9jx10n5_q8r5tylpktsg780000gn/T/snapshot_derived20200405-37186-1hde412/Logs/Test/Run-ATMMachineFinder_UITests-2020.04.05_23-46-47-+1000.xcresult/Staging/5_Test/Diagnostics/ATMMachineFinder_UITests-EA01A4E2-7538-452B-AC57-E1835F0E3841/ATMMachineFinder_UITests-09F1ED8F-47B2-4CF9-BD12-8D541CEAC387/Session-ATMMachineFinder_UITests-2020-04-05_234712-SCYtAG.log[0m
[23:47:12]: ‚ñ∏ [35m2020-04-05 23:47:12.872 xcodebuild[37812:680143] [MT] IDETestOperationsObserverDebug: (09121759-CA9F-4572-8D9E-BE1C9457979B) Beginning test session ATMMachineFinder_UITests-09121759-CA9F-4572-8D9E-BE1C9457979B at 2020-04-05 23:47:12.872 with Xcode 11C504 on target <DVTiPhoneSimulator: 0x7f9e38aec900> {[0m
[23:47:12]: ‚ñ∏ [35m		SimDevice: iPhone 11 Pro Max (F5A7CEE4-0690-4C4D-B6B0-71A015B01824, iOS 13.3, Shutdown)[0m
[23:47:12]: ‚ñ∏ [35m} (13.3 (17C45))[0m
[23:47:12]: ‚ñ∏ [35m2020-04-05 23:47:12.885 xcodebuild[37812:683925]  IDETestOperationsObserverDebug: Writing diagnostic log for test session to:[0m
[23:47:12]: ‚ñ∏ [35m/var/folders/1c/qc9jx10n5_q8r5tylpktsg780000gn/T/snapshot_derived20200405-37186-1hde412/Logs/Test/Run-ATMMachineFinder_UITests-2020.04.05_23-46-47-+1000.xcresult/Staging/4_Test/Diagnostics/ATMMachineFinder_UITests-07FF69F6-9F6B-46B5-8407-C5AABBF2BDCA/ATMMachineFinder_UITests-76A3E969-D7D4-44C1-A888-9EFEDA66381A/Session-ATMMachineFinder_UITests-2020-04-05_234712-kVSAp0.log[0m
[23:47:12]: ‚ñ∏ [35m2020-04-05 23:47:12.885 xcodebuild[37812:680143] [MT] IDETestOperationsObserverDebug: (43B56DE4-64A4-45AB-9FA7-65B8DF27CB7A) Beginning test session ATMMachineFinder_UITests-43B56DE4-64A4-45AB-9FA7-65B8DF27CB7A at 2020-04-05 23:47:12.885 with Xcode 11C504 on target <DVTiPhoneSimulator: 0x7f9e38ae9e50> {[0m
[23:47:12]: ‚ñ∏ [35m		SimDevice: iPhone 8 Plus (897E3C6D-9D82-444E-9794-15173326E94C, iOS 13.3, Shutdown)[0m
[23:47:12]: ‚ñ∏ [35m} (13.3 (17C45))[0m
[23:49:15]: ‚ñ∏ [35m2020-04-05 23:49:15.461 xcodebuild[37812:680143] [MT] IDETestOperationsObserverDebug: (43B56DE4-64A4-45AB-9FA7-65B8DF27CB7A) Finished requesting crash reports. Continuing with testing.[0m
[23:49:15]: ‚ñ∏ [35m2020-04-05 23:49:15.485 xcodebuild[37812:748166] Connection peer refused channel request for "dtxproxy:XCTestManager_IDEInterface:XCTestManager_DaemonConnectionInterface"; channel canceled <DTXChannel 0x7f9e38e443f0 : x1.c1> "dtxproxy:XCTestManager_IDEInterface:XCTestManager_DaemonConnectionInterface"[0m
[23:49:15]: ‚ñ∏ [35m2020-04-05 23:49:15.736 xcodebuild[37812:680143] [MT] IDETestOperationsObserverDebug: (09121759-CA9F-4572-8D9E-BE1C9457979B) Finished requesting crash reports. Continuing with testing.[0m
[23:49:15]: ‚ñ∏ [35m2020-04-05 23:49:15.890 xcodebuild[37812:748170] Connection peer refused channel request for "dtxproxy:XCTestManager_IDEInterface:XCTestManager_DaemonConnectionInterface"; channel canceled <DTXChannel 0x7f9e3900f780 : x3.c1> "dtxproxy:XCTestManager_IDEInterface:XCTestManager_DaemonConnectionInterface"[0m
[23:49:15]: ‚ñ∏ [35m2020-04-05 23:49:15.990 xcodebuild[37812:680143] NSFileHandle couldn't write. Exception: *** -[NSConcreteFileHandle writeData:]: No space left on device[0m
[23:49:16]: ‚ñ∏ [35m2020-04-05 23:49:16.110 xcodebuild[37812:680143] NSFileHandle couldn't write. Exception: *** -[NSConcreteFileHandle writeData:]: No space left on device[0m
[23:49:16]: ‚ñ∏ [35m2020-04-05 23:49:16.149 xcodebuild[37812:748244] Connection peer refused channel request for "dtxproxy:XCTestManager_IDEInterface:XCTestManager_DaemonConnectionInterface"; channel canceled <DTXChannel 0x7f9e35e52300 : x2.c1> "dtxproxy:XCTestManager_IDEInterface:XCTestManager_DaemonConnectionInterface"[0m
[23:49:16]: ‚ñ∏ [35m2020-04-05 23:49:16.290 xcodebuild[37812:748243] Connection peer refused channel request for "dtxproxy:XCTestManager_IDEInterface:XCTestManager_DaemonConnectionInterface"; channel canceled <DTXChannel 0x7f9e38ae56e0 : x4.c1> "dtxproxy:XCTestManager_IDEInterface:XCTestManager_DaemonConnectionInterface"[0m
[23:50:05]: ‚ñ∏ [35m2020-04-05 23:50:05.767 xcodebuild[37812:680143] [MT] IDETestOperationsObserverDebug: 172.905 elapsed -- Testing started completed.[0m
[23:50:05]: ‚ñ∏ [35m2020-04-05 23:50:05.770 xcodebuild[37812:680143] [MT] IDETestOperationsObserverDebug: 0.000 sec, +0.000 sec -- start[0m
[23:50:05]: ‚ñ∏ [35m2020-04-05 23:50:05.770 xcodebuild[37812:680143] [MT] IDETestOperationsObserverDebug: 172.907 sec, +172.907 sec -- end[0m
[23:50:05]: ‚ñ∏ [35m2020-04-05 23:50:05.792 xcodebuild[37812:680143] Error Domain=IXErrorDomain Code=2 "Failed to create dictionary promise for localizations for <IXPlaceholder<0x7f8cb8e090a0> name:"App Placeholder: ATMMachineFinder_UITests-Runner (com.dylanelliott.ATMMachineFinder.uiTests.xctrunner)" uuid:2621BBCF-4FA3-4983-89A8-C512FFC23FD3 creator:"InstallCoordination Simple SPI">" UserInfo={NSLocalizedDescription=Failed to create dictionary promise for localizations for <IXPlaceholder<0x7f8cb8e090a0> name:"App Placeholder: ATMMachineFinder_UITests-Runner (com.dylanelliott.ATMMachineFinder.uiTests.xctrunner)" uuid:2621BBCF-4FA3-4983-89A8-C512FFC23FD3 creator:"InstallCoordination Simple SPI">, SourceFileLine=654, FunctionName=-[IXPlaceholder setInfoPlistLocalizations:error:], NSLocalizedFailureReason=Failed to create promise.}[0m
[23:50:06]: ‚ñ∏ [35m2020-04-05 23:50:06.201 xcodebuild[37812:680143] [MT] IDETestOperationsObserverDebug: 173.340 elapsed -- Testing started completed.[0m
[23:50:06]: ‚ñ∏ [35m2020-04-05 23:50:06.201 xcodebuild[37812:680143] [MT] IDETestOperationsObserverDebug: 0.000 sec, +0.000 sec -- start[0m
[23:50:06]: ‚ñ∏ [35m2020-04-05 23:50:06.201 xcodebuild[37812:680143] [MT] IDETestOperationsObserverDebug: 173.340 sec, +173.340 sec -- end[0m
[23:50:06]: ‚ñ∏ [35m2020-04-05 23:50:06.202 xcodebuild[37812:680143] Error Domain=IXErrorDomain Code=2 "Failed to create dictionary promise for localizations for <IXPlaceholder<0x7fb96af5c2a0> name:"App Placeholder: ATMMachineFinder_UITests-Runner (com.dylanelliott.ATMMachineFinder.uiTests.xctrunner)" uuid:02FAA847-E9AA-4980-9E23-DB38A8D53EC3 creator:"InstallCoordination Simple SPI">" UserInfo={NSLocalizedDescription=Failed to create dictionary promise for localizations for <IXPlaceholder<0x7fb96af5c2a0> name:"App Placeholder: ATMMachineFinder_UITests-Runner (com.dylanelliott.ATMMachineFinder.uiTests.xctrunner)" uuid:02FAA847-E9AA-4980-9E23-DB38A8D53EC3 creator:"InstallCoordination Simple SPI">, SourceFileLine=654, FunctionName=-[IXPlaceholder setInfoPlistLocalizations:error:], NSLocalizedFailureReason=Failed to create promise.}[0m
[23:50:10]: ‚ñ∏ [35mTesting failed:[0m
[23:50:10]: ‚ñ∏ [35m	ATMMachineFinder_UITests:[0m
[23:50:10]: ‚ñ∏ [35m		ATMMachineFinder_UITests-Runner.app encountered an error (Failed to install or launch the test runner. (Underlying error: Failed to create dictionary promise for localizations for <IXPlaceholder<0x7f8cb8e090a0> name:"App Placeholder: ATMMachineFinder_UITests-Runner (com.dylanelliott.ATMMachineFinder.uiTests.xctrunner)" uuid:2621BBCF-4FA3-4983-89A8-C512FFC23FD3 creator:"InstallCoordination Simple SPI">. Failed to create promise.))[0m
[23:50:10]: ‚ñ∏ [35m		ATMMachineFinder_UITests-Runner.app encountered an error (Failed to install or launch the test runner. (Underlying error: Failed to create dictionary promise for localizations for <IXPlaceholder<0x7fb96af5c2a0> name:"App Placeholder: ATMMachineFinder_UITests-Runner (com.dylanelliott.ATMMachineFinder.uiTests.xctrunner)" uuid:02FAA847-E9AA-4980-9E23-DB38A8D53EC3 creator:"InstallCoordination Simple SPI">. Failed to create promise.))[0m
[23:50:10]: ‚ñ∏ [35m** TEST FAILED **[0m
[33m‚ñ∏[0m [39;1mCompiling[0m Colors.swift

[33m‚ö†Ô∏è  [0m/Users/dylan/Code/Wayfinder/Single_Apps/Wayfinder Shared/Sources/Google Places/GooglePlacesManager.swift:64:31: [33mimmutable value 'error' was never used; consider replacing with '_' or removing it[0m

            case .failure(let error):
[36m                              ^~~~~[0m


[33m‚ñ∏[0m [39;1mCompiling[0m AppDelegate.swift

[33m‚ö†Ô∏è  [0m/Users/dylan/Code/Wayfinder/Single_Apps/Wayfinder Shared/Sources/Google Places/GooglePlacesManager.swift:64:31: [33mimmutable value 'error' was never used; consider replacing with '_' or removing it[0m

            case .failure(let error):
[36m                              ^~~~~[0m


[33m‚ñ∏[0m [39;1mCompiling[0m Credentials.swift

[33m‚ö†Ô∏è  [0m/Users/dylan/Code/Wayfinder/Single_Apps/Wayfinder Shared/Sources/Google Places/GooglePlacesManager.swift:64:31: [33mimmutable value 'error' was never used; consider replacing with '_' or removing it[0m

            case .failure(let error):
[36m                              ^~~~~[0m


[33m‚ñ∏[0m [39;1mCompiling[0m GooglePlace.swift

[33m‚ö†Ô∏è  [0m/Users/dylan/Code/Wayfinder/Single_Apps/Wayfinder Shared/Sources/Google Places/GooglePlacesManager.swift:64:31: [33mimmutable value 'error' was never used; consider replacing with '_' or removing it[0m

            case .failure(let error):
[36m                              ^~~~~[0m


[33m‚ñ∏[0m [39;1mCompiling[0m GooglePlacesManager.swift

[33m‚ö†Ô∏è  [0m/Users/dylan/Code/Wayfinder/Single_Apps/Wayfinder Shared/Sources/Google Places/GooglePlacesManager.swift:64:31: [33mimmutable value 'error' was never used; consider replacing with '_' or removing it[0m

            case .failure(let error):
[36m                              ^~~~~[0m


[33m‚ñ∏[0m [39;1mCompiling[0m ArrowView.swift

[33m‚ö†Ô∏è  [0m/Users/dylan/Code/Wayfinder/Single_Apps/Wayfinder Shared/Sources/Heading View Controller/Headable.swift:27:44: [33m'addressDictionary' was deprecated in iOS 11.0: Use @properties[0m

        var addressLines : [String] = self.addressDictionary!["FormattedAddressLines"] as! [String]
[36m                                           ^[0m


[33m‚ñ∏[0m [39;1mCompiling[0m Headable.swift

[33m‚ö†Ô∏è  [0m/Users/dylan/Code/Wayfinder/Single_Apps/Wayfinder Shared/Sources/Heading View Controller/Headable.swift:27:44: [33m'addressDictionary' was deprecated in iOS 11.0: Use @properties[0m

        var addressLines : [String] = self.addressDictionary!["FormattedAddressLines"] as! [String]
[36m                                           ^[0m


[33m‚ñ∏[0m [39;1mCompiling[0m HeadingView.swift

[33m‚ö†Ô∏è  [0m/Users/dylan/Code/Wayfinder/Single_Apps/Wayfinder Shared/Sources/Heading View Controller/Headable.swift:27:44: [33m'addressDictionary' was deprecated in iOS 11.0: Use @properties[0m

        var addressLines : [String] = self.addressDictionary!["FormattedAddressLines"] as! [String]
[36m                                           ^[0m


[33m‚ñ∏[0m [39;1mCompiling[0m HeadingViewController.swift

[33m‚ö†Ô∏è  [0m/Users/dylan/Code/Wayfinder/Single_Apps/Wayfinder Shared/Sources/Heading View Controller/Headable.swift:27:44: [33m'addressDictionary' was deprecated in iOS 11.0: Use @properties[0m

        var addressLines : [String] = self.addressDictionary!["FormattedAddressLines"] as! [String]
[36m                                           ^[0m


[33m‚ñ∏[0m [39;1mCompiling[0m LaunchArguments.swift

[33m‚ö†Ô∏è  [0m/Users/dylan/Code/Wayfinder/Single_Apps/Wayfinder Shared/Sources/Heading View Controller/Headable.swift:27:44: [33m'addressDictionary' was deprecated in iOS 11.0: Use @properties[0m

        var addressLines : [String] = self.addressDictionary!["FormattedAddressLines"] as! [String]
[36m                                           ^[0m


[33m‚ñ∏[0m [39;1mCompiling[0m LocationSelectionViewController.swift
[33m‚ñ∏[0m [39;1mCompiling[0m MainViewController.swift
[33m‚ñ∏[0m [39;1mCompiling[0m LocationSearchManager.swift
[33m‚ñ∏[0m [39;1mCompiling[0m MultiPlaceHeadingViewController.swift
[33m‚ñ∏[0m [39;1mCompiling[0m SinglePlaceHeadingViewController.swift
[33m‚ñ∏[0m [39;1mCompiling[0m UIColor+Hex.swift
[33m‚ñ∏[0m [39;1mCompiling[0m UIColor+SharedColors.swift
[33m‚ñ∏[0m [39;1mCompiling[0m UserLocationManager.swift
[33m‚ñ∏[0m [39;1mLinking[0m ATMMachineFinder
[33m‚ñ∏[0m [39;1mCompiling[0m LaunchScreen.storyboard
[33m‚ñ∏[0m [39;1mCompiling[0m Main.storyboard
[33m‚ñ∏[0m [39;1mProcessing[0m ATMMachineFinder.plist
[33m‚ñ∏[0m [39;1mRunning script[0m 'Embed Precompiled Frameworks'
[33m‚ñ∏[0m [39;1mCompiling[0m Springboard.swift
[33m‚ñ∏[0m [39;1mCompiling[0m WayfinderTests.swift
[33m‚ñ∏[0m [39;1mCompiling[0m SnapshotHelper.swift
[33m‚ñ∏[0m [39;1mTouching[0m ATMMachineFinder.app (in target 'ATMMachineFinder' from project 'Wayfinder')
[33m‚ñ∏[0m [39;1mProcessing[0m ATMMachineFinder_UITests.plist
[33m‚ñ∏[0m [39;1mLinking[0m ATMMachineFinder_UITests
[33m‚ñ∏[0m [39;1mRunning script[0m 'Embed Precompiled Frameworks'
[33m‚ñ∏[0m [39;1mCopying[0m /Applications/Xcode.app/Contents/Developer/Platforms/iPhoneSimulator.platform/Developer/usr/lib/libXCTestSwiftSupport.dylib
[33m‚ñ∏[0m [39;1mCopying[0m /Applications/Xcode.app/Contents/Developer/Platforms/iPhoneSimulator.platform/Developer/Library/PrivateFrameworks/XCTAutomationSupport.framework
[33m‚ñ∏[0m [39;1mCopying[0m /Applications/Xcode.app/Contents/Developer/Platforms/iPhoneSimulator.platform/Developer/Library/Frameworks/XCTest.framework
[33m‚ñ∏[0m [39;1mTouching[0m ATMMachineFinder_UITests.xctest (in target 'ATMMachineFinder_UITests' from project 'Wayfinder')
[33m‚ñ∏[0m [39;1mBuild[0m Succeeded
[33m‚ñ∏[0m [39;1mLinking[0m ATMMachineFinder
[33m‚ñ∏[0m [39;1mProcessing[0m ATMMachineFinder.plist
[33m‚ñ∏[0m [39;1mRunning script[0m 'Embed Precompiled Frameworks'
[33m‚ñ∏[0m [39;1mCompiling[0m Springboard.swift
[33m‚ñ∏[0m [39;1mCompiling[0m WayfinderTests.swift
[33m‚ñ∏[0m [39;1mCompiling[0m SnapshotHelper.swift
[33m‚ñ∏[0m [39;1mProcessing[0m ATMMachineFinder_UITests.plist
[33m‚ñ∏[0m [39;1mLinking[0m ATMMachineFinder_UITests
[33m‚ñ∏[0m [39;1mRunning script[0m 'Embed Precompiled Frameworks'
[33m‚ñ∏[0m [39;1mBuild[0m Succeeded
[33m‚ñ∏[0m [39;1mLinking[0m ATMMachineFinder
[33m‚ñ∏[0m [39;1mRunning script[0m 'Embed Precompiled Frameworks'
[33m‚ñ∏[0m [39;1mProcessing[0m ATMMachineFinder.plist
[33m‚ñ∏[0m [39;1mProcessing[0m ATMMachineFinder_UITests.plist
[33m‚ñ∏[0m [39;1mLinking[0m ATMMachineFinder_UITests
[33m‚ñ∏[0m [39;1mRunning script[0m 'Embed Precompiled Frameworks'
2020-04-05 23:47:12.872 xcodebuild[37812:683920]  IDETestOperationsObserverDebug: Writing diagnostic log for test session to:
/var/folders/1c/qc9jx10n5_q8r5tylpktsg780000gn/T/snapshot_derived20200405-37186-1hde412/Logs/Test/Run-ATMMachineFinder_UITests-2020.04.05_23-46-47-+1000.xcresult/Staging/5_Test/Diagnostics/ATMMachineFinder_UITests-EA01A4E2-7538-452B-AC57-E1835F0E3841/ATMMachineFinder_UITests-09F1ED8F-47B2-4CF9-BD12-8D541CEAC387/Session-ATMMachineFinder_UITests-2020-04-05_234712-SCYtAG.log
2020-04-05 23:47:12.872 xcodebuild[37812:680143] [MT] IDETestOperationsObserverDebug: (09121759-CA9F-4572-8D9E-BE1C9457979B) Beginning test session ATMMachineFinder_UITests-09121759-CA9F-4572-8D9E-BE1C9457979B at 2020-04-05 23:47:12.872 with Xcode 11C504 on target <DVTiPhoneSimulator: 0x7f9e38aec900> {
		SimDevice: iPhone 11 Pro Max (F5A7CEE4-0690-4C4D-B6B0-71A015B01824, iOS 13.3, Shutdown)
} (13.3 (17C45))
2020-04-05 23:47:12.885 xcodebuild[37812:683925]  IDETestOperationsObserverDebug: Writing diagnostic log for test session to:
/var/folders/1c/qc9jx10n5_q8r5tylpktsg780000gn/T/snapshot_derived20200405-37186-1hde412/Logs/Test/Run-ATMMachineFinder_UITests-2020.04.05_23-46-47-+1000.xcresult/Staging/4_Test/Diagnostics/ATMMachineFinder_UITests-07FF69F6-9F6B-46B5-8407-C5AABBF2BDCA/ATMMachineFinder_UITests-76A3E969-D7D4-44C1-A888-9EFEDA66381A/Session-ATMMachineFinder_UITests-2020-04-05_234712-kVSAp0.log
2020-04-05 23:47:12.885 xcodebuild[37812:680143] [MT] IDETestOperationsObserverDebug: (43B56DE4-64A4-45AB-9FA7-65B8DF27CB7A) Beginning test session ATMMachineFinder_UITests-43B56DE4-64A4-45AB-9FA7-65B8DF27CB7A at 2020-04-05 23:47:12.885 with Xcode 11C504 on target <DVTiPhoneSimulator: 0x7f9e38ae9e50> {
		SimDevice: iPhone 8 Plus (897E3C6D-9D82-444E-9794-15173326E94C, iOS 13.3, Shutdown)
} (13.3 (17C45))
2020-04-05 23:49:15.461 xcodebuild[37812:680143] [MT] IDETestOperationsObserverDebug: (43B56DE4-64A4-45AB-9FA7-65B8DF27CB7A) Finished requesting crash reports. Continuing with testing.
2020-04-05 23:49:15.485 xcodebuild[37812:748166] Connection peer refused channel request for "dtxproxy:XCTestManager_IDEInterface:XCTestManager_DaemonConnectionInterface"; channel canceled <DTXChannel 0x7f9e38e443f0 : x1.c1> "dtxproxy:XCTestManager_IDEInterface:XCTestManager_DaemonConnectionInterface"
2020-04-05 23:49:15.736 xcodebuild[37812:680143] [MT] IDETestOperationsObserverDebug: (09121759-CA9F-4572-8D9E-BE1C9457979B) Finished requesting crash reports. Continuing with testing.
2020-04-05 23:49:15.890 xcodebuild[37812:748170] Connection peer refused channel request for "dtxproxy:XCTestManager_IDEInterface:XCTestManager_DaemonConnectionInterface"; channel canceled <DTXChannel 0x7f9e3900f780 : x3.c1> "dtxproxy:XCTestManager_IDEInterface:XCTestManager_DaemonConnectionInterface"
2020-04-05 23:49:15.990 xcodebuild[37812:680143] NSFileHandle couldn't write. Exception: *** -[NSConcreteFileHandle writeData:]: No space left on device
2020-04-05 23:49:16.110 xcodebuild[37812:680143] NSFileHandle couldn't write. Exception: *** -[NSConcreteFileHandle writeData:]: No space left on device
2020-04-05 23:49:16.149 xcodebuild[37812:748244] Connection peer refused channel request for "dtxproxy:XCTestManager_IDEInterface:XCTestManager_DaemonConnectionInterface"; channel canceled <DTXChannel 0x7f9e35e52300 : x2.c1> "dtxproxy:XCTestManager_IDEInterface:XCTestManager_DaemonConnectionInterface"
2020-04-05 23:49:16.290 xcodebuild[37812:748243] Connection peer refused channel request for "dtxproxy:XCTestManager_IDEInterface:XCTestManager_DaemonConnectionInterface"; channel canceled <DTXChannel 0x7f9e38ae56e0 : x4.c1> "dtxproxy:XCTestManager_IDEInterface:XCTestManager_DaemonConnectionInterface"
2020-04-05 23:50:05.767 xcodebuild[37812:680143] [MT] IDETestOperationsObserverDebug: 172.905 elapsed -- Testing started completed.
2020-04-05 23:50:05.770 xcodebuild[37812:680143] [MT] IDETestOperationsObserverDebug: 0.000 sec, +0.000 sec -- start
2020-04-05 23:50:05.770 xcodebuild[37812:680143] [MT] IDETestOperationsObserverDebug: 172.907 sec, +172.907 sec -- end
2020-04-05 23:50:05.792 xcodebuild[37812:680143] Error Domain=IXErrorDomain Code=2 "Failed to create dictionary promise for localizations for <IXPlaceholder<0x7f8cb8e090a0> name:"App Placeholder: ATMMachineFinder_UITests-Runner (com.dylanelliott.ATMMachineFinder.uiTests.xctrunner)" uuid:2621BBCF-4FA3-4983-89A8-C512FFC23FD3 creator:"InstallCoordination Simple SPI">" UserInfo={NSLocalizedDescription=Failed to create dictionary promise for localizations for <IXPlaceholder<0x7f8cb8e090a0> name:"App Placeholder: ATMMachineFinder_UITests-Runner (com.dylanelliott.ATMMachineFinder.uiTests.xctrunner)" uuid:2621BBCF-4FA3-4983-89A8-C512FFC23FD3 creator:"InstallCoordination Simple SPI">, SourceFileLine=654, FunctionName=-[IXPlaceholder setInfoPlistLocalizations:error:], NSLocalizedFailureReason=Failed to create promise.}
2020-04-05 23:50:06.201 xcodebuild[37812:680143] [MT] IDETestOperationsObserverDebug: 173.340 elapsed -- Testing started completed.
2020-04-05 23:50:06.201 xcodebuild[37812:680143] [MT] IDETestOperationsObserverDebug: 0.000 sec, +0.000 sec -- start
2020-04-05 23:50:06.201 xcodebuild[37812:680143] [MT] IDETestOperationsObserverDebug: 173.340 sec, +173.340 sec -- end
2020-04-05 23:50:06.202 xcodebuild[37812:680143] Error Domain=IXErrorDomain Code=2 "Failed to create dictionary promise for localizations for <IXPlaceholder<0x7fb96af5c2a0> name:"App Placeholder: ATMMachineFinder_UITests-Runner (com.dylanelliott.ATMMachineFinder.uiTests.xctrunner)" uuid:02FAA847-E9AA-4980-9E23-DB38A8D53EC3 creator:"InstallCoordination Simple SPI">" UserInfo={NSLocalizedDescription=Failed to create dictionary promise for localizations for <IXPlaceholder<0x7fb96af5c2a0> name:"App Placeholder: ATMMachineFinder_UITests-Runner (com.dylanelliott.ATMMachineFinder.uiTests.xctrunner)" uuid:02FAA847-E9AA-4980-9E23-DB38A8D53EC3 creator:"InstallCoordination Simple SPI">, SourceFileLine=654, FunctionName=-[IXPlaceholder setInfoPlistLocalizations:error:], NSLocalizedFailureReason=Failed to create promise.}
Testing failed:
	ATMMachineFinder_UITests:
		ATMMachineFinder_UITests-Runner.app encountered an error (Failed to install or launch the test runner. (Underlying error: Failed to create dictionary promise for localizations for <IXPlaceholder<0x7f8cb8e090a0> name:"App Placeholder: ATMMachineFinder_UITests-Runner (com.dylanelliott.ATMMachineFinder.uiTests.xctrunner)" uuid:2621BBCF-4FA3-4983-89A8-C512FFC23FD3 creator:"InstallCoordination Simple SPI">. Failed to create promise.))
		ATMMachineFinder_UITests-Runner.app encountered an error (Failed to install or launch the test runner. (Underlying error: Failed to create dictionary promise for localizations for <IXPlaceholder<0x7fb96af5c2a0> name:"App Placeholder: ATMMachineFinder_UITests-Runner (com.dylanelliott.ATMMachineFinder.uiTests.xctrunner)" uuid:02FAA847-E9AA-4980-9E23-DB38A8D53EC3 creator:"InstallCoordination Simple SPI">. Failed to create promise.))

** TEST FAILED **
[23:50:10]: [31mExit status: 65[0m
[23:50:10]: [33mTests failed while running on: iPhone 8 Plus, iPhone 11 Pro Max[0m
[23:50:10]: [33mFor more detail about the test failures, check the logs here:[0m
[23:50:10]: [33m/Users/dylan/Library/Logs/snapshot/ATMMachineFinder_UITests-ATMMachineFinder_UITests.log[0m
[23:50:10]: [33m [0m
[23:50:10]: [33mYou can also find the test result data here:[0m
[23:50:10]: [33m/var/folders/1c/qc9jx10n5_q8r5tylpktsg780000gn/T/snapshot_derived20200405-37186-1hde412/Logs/Test[0m
[23:50:10]: [33m [0m
[23:50:10]: [33mYou can find the incomplete screenshots here:[0m
[23:50:10]: [33m/Users/dylan/Library/Caches/tools.fastlane/screenshots[0m
[23:50:10]: [33m/Users/dylan/Code/Wayfinder/fastlane/screenshots[0m
[23:50:10]: [31mCaught error... 65[0m
[23:50:10]: [33mRetrying on devices: iPhone 8 Plus, iPhone 11 Pro Max[0m
[23:50:10]: [33mNumber of retries remaining: 0[0m
[23:50:10]: [36m$ set -o pipefail && xcodebuild -scheme ATMMachineFinder_UITests -project ./Wayfinder.xcodeproj -derivedDataPath '/var/folders/1c/qc9jx10n5_q8r5tylpktsg780000gn/T/snapshot_derived20200405-37186-1hde412' -destination 'platform=iOS Simulator,name=iPhone 8 Plus,OS=13.3' -destination 'platform=iOS Simulator,name=iPhone 11 Pro Max,OS=13.3' FASTLANE_SNAPSHOT=YES build test | tee /Users/dylan/Library/Logs/snapshot/ATMMachineFinder_UITests-ATMMachineFinder_UITests.log | xcpretty [0m
[23:50:10]: ‚ñ∏ [35mLoading...[0m
[23:50:16]: [35m[33m‚ñ∏[0m [39;1mLinking[0m ATMMachineFinder[0m
[23:50:19]: [35m[33m‚ñ∏[0m [39;1mRunning script[0m 'Embed Precompiled Frameworks'[0m
[23:50:20]: [35m[33m‚ñ∏[0m [39;1mProcessing[0m ATMMachineFinder.plist[0m
[23:50:23]: [35m[33m‚ñ∏[0m [39;1mProcessing[0m ATMMachineFinder_UITests.plist[0m
[23:50:23]: [35m[33m‚ñ∏[0m [39;1mLinking[0m ATMMachineFinder_UITests[0m
[23:50:23]: [35m[33m‚ñ∏[0m [39;1mRunning script[0m 'Embed Precompiled Frameworks'[0m
[23:50:23]: [35m[33m‚ñ∏[0m [39;1mBuild[0m Succeeded[0m
[23:50:23]: [35m[33m‚ñ∏[0m [39;1mLinking[0m ATMMachineFinder[0m
[23:50:24]: [35m[33m‚ñ∏[0m [39;1mRunning script[0m 'Embed Precompiled Frameworks'[0m
[23:50:25]: [35m[33m‚ñ∏[0m [39;1mProcessing[0m ATMMachineFinder.plist[0m
[23:50:26]: [35m[33m‚ñ∏[0m [39;1mProcessing[0m ATMMachineFinder_UITests.plist[0m
[23:50:26]: [35m[33m‚ñ∏[0m [39;1mLinking[0m ATMMachineFinder_UITests[0m
[23:50:27]: [35m[33m‚ñ∏[0m [39;1mRunning script[0m 'Embed Precompiled Frameworks'[0m
[23:50:27]: [35m[33m‚ñ∏[0m [39;1mBuild[0m Succeeded[0m
[23:50:27]: [35m[33m‚ñ∏[0m [39;1mLinking[0m ATMMachineFinder[0m
[23:50:28]: [35m[33m‚ñ∏[0m [39;1mRunning script[0m 'Embed Precompiled Frameworks'[0m
[23:50:29]: [35m[33m‚ñ∏[0m [39;1mProcessing[0m ATMMachineFinder.plist[0m
[23:50:30]: [35m[33m‚ñ∏[0m [39;1mProcessing[0m ATMMachineFinder_UITests.plist[0m
[23:50:30]: [35m[33m‚ñ∏[0m [39;1mLinking[0m ATMMachineFinder_UITests[0m
[23:50:30]: [35m[33m‚ñ∏[0m [39;1mRunning script[0m 'Embed Precompiled Frameworks'[0m
[23:50:30]: ‚ñ∏ [35m2020-04-05 23:50:30.616 xcodebuild[38506:761606]  IDETestOperationsObserverDebug: Writing diagnostic log for test session to:[0m
[23:50:30]: ‚ñ∏ [35m/var/folders/1c/qc9jx10n5_q8r5tylpktsg780000gn/T/snapshot_derived20200405-37186-1hde412/Logs/Test/Run-ATMMachineFinder_UITests-2020.04.05_23-50-15-+1000.xcresult/Staging/4_Test/Diagnostics/ATMMachineFinder_UITests-DBB295F5-075C-45D8-A0D8-B359DD074FD2/ATMMachineFinder_UITests-3AF2F990-EC64-4B6E-B9E9-49CE6BB93FB7/Session-ATMMachineFinder_UITests-2020-04-05_235030-VzUZKD.log[0m
[23:50:30]: ‚ñ∏ [35m2020-04-05 23:50:30.617 xcodebuild[38506:759538] [MT] IDETestOperationsObserverDebug: (4BB65A3E-C1CA-4717-B892-AE4CBC1EEE3C) Beginning test session ATMMachineFinder_UITests-4BB65A3E-C1CA-4717-B892-AE4CBC1EEE3C at 2020-04-05 23:50:30.617 with Xcode 11C504 on target <DVTiPhoneSimulator: 0x7f9ffa286e20> {[0m
[23:50:30]: ‚ñ∏ [35m		SimDevice: iPhone 8 Plus (897E3C6D-9D82-444E-9794-15173326E94C, iOS 13.3, Shutdown)[0m
[23:50:30]: ‚ñ∏ [35m} (13.3 (17C45))[0m
[23:50:30]: ‚ñ∏ [35m2020-04-05 23:50:30.628 xcodebuild[38506:761608]  IDETestOperationsObserverDebug: Writing diagnostic log for test session to:[0m
[23:50:30]: ‚ñ∏ [35m/var/folders/1c/qc9jx10n5_q8r5tylpktsg780000gn/T/snapshot_derived20200405-37186-1hde412/Logs/Test/Run-ATMMachineFinder_UITests-2020.04.05_23-50-15-+1000.xcresult/Staging/5_Test/Diagnostics/ATMMachineFinder_UITests-8A029AE8-FE9E-4865-B87F-DB468EE2D4B5/ATMMachineFinder_UITests-BD7E3C1C-785A-48AE-B625-0AAF39B046B2/Session-ATMMachineFinder_UITests-2020-04-05_235030-AOyKAY.log[0m
[23:50:30]: ‚ñ∏ [35m2020-04-05 23:50:30.628 xcodebuild[38506:759538] [MT] IDETestOperationsObserverDebug: (0B6E85AA-D7EA-4B20-8DDD-090412BA7DF6) Beginning test session ATMMachineFinder_UITests-0B6E85AA-D7EA-4B20-8DDD-090412BA7DF6 at 2020-04-05 23:50:30.628 with Xcode 11C504 on target <DVTiPhoneSimulator: 0x7f9ffa36d120> {[0m
[23:50:30]: ‚ñ∏ [35m		SimDevice: iPhone 11 Pro Max (F5A7CEE4-0690-4C4D-B6B0-71A015B01824, iOS 13.3, Shutdown)[0m
[23:50:30]: ‚ñ∏ [35m} (13.3 (17C45))[0m
[23:52:20]: ‚ñ∏ [35m2020-04-05 23:52:20.285 xcodebuild[38506:759538] [MT] IDETestOperationsObserverDebug: (0B6E85AA-D7EA-4B20-8DDD-090412BA7DF6) Finished requesting crash reports. Continuing with testing.[0m
[23:52:20]: ‚ñ∏ [35m2020-04-05 23:52:20.790 xcodebuild[38506:759538] [MT] IDETestOperationsObserverDebug: (4BB65A3E-C1CA-4717-B892-AE4CBC1EEE3C) Finished requesting crash reports. Continuing with testing.[0m
[23:52:49]: ‚ñ∏ [35m2020-04-05 23:52:49.309 xcodebuild[38506:759538] [MT] IDETestOperationsObserverDebug: 138.703 elapsed -- Testing started completed.[0m
[23:52:49]: ‚ñ∏ [35m2020-04-05 23:52:49.309 xcodebuild[38506:759538] [MT] IDETestOperationsObserverDebug: 0.000 sec, +0.000 sec -- start[0m
[23:52:49]: ‚ñ∏ [35m2020-04-05 23:52:49.309 xcodebuild[38506:759538] [MT] IDETestOperationsObserverDebug: 138.703 sec, +138.703 sec -- end[0m
[23:52:49]: ‚ñ∏ [35m2020-04-05 23:52:49.316 xcodebuild[38506:759538] [MT] IDETestOperationsObserverDebug: 138.710 elapsed -- Testing started completed.[0m
[23:52:49]: ‚ñ∏ [35m2020-04-05 23:52:49.316 xcodebuild[38506:759538] [MT] IDETestOperationsObserverDebug: 0.000 sec, +0.000 sec -- start[0m
[23:52:49]: ‚ñ∏ [35m2020-04-05 23:52:49.316 xcodebuild[38506:759538] [MT] IDETestOperationsObserverDebug: 138.710 sec, +138.710 sec -- end[0m
[23:52:49]: [35m[33m‚ñ∏[0m [39;1mTest[0m Succeeded[0m
[23:52:55]: [32mCopying '/Users/dylan/Code/Wayfinder/fastlane/screenshots/en-US/iPhone 8 Plus-0_Home_Screen.png'...[0m
[23:52:55]: [32mCopying '/Users/dylan/Code/Wayfinder/fastlane/screenshots/en-US/iPhone 11 Pro Max-0_Home_Screen.png'...[0m

+-------------------+-------+
|     snapshot results      |
+-------------------+-------+
| Device            | en-US |
+-------------------+-------+
| iPhone 8 Plus     |  üíö   |
| iPhone 11 Pro Max |  üíö   |
+-------------------+-------+

[23:52:56]: Generating HTML Report
[23:52:56]: [32mSuccessfully created HTML file with an overview of all the screenshots: '/Users/dylan/Code/Wayfinder/fastlane/screenshots/screenshots.html'[0m
[23:52:57]: [32m---------------------------------[0m
[23:52:57]: [32m--- Step: upload_to_app_store ---[0m
[23:52:57]: [32m---------------------------------[0m
[23:52:57]: [31mError setting value '/Users/dylan/Code/Wayfinder/ATMMachineFinder.ipa' for option 'ipa'[0m
+---------------------------+--------------------------------------+
|                           [33mLane Context[0m                           |
+---------------------------+--------------------------------------+
| PLATFORM_NAME             |                                      |
| LANE_NAME                 | release                              |
| PRODUCE_APPLE_ID          | 1506469517                           |
| SIGH_PROFILE_PATH         | /Users/dylan/Code/Wayfinder/AppStor  |
|                           | e_com.dylanelliott.ATMMachineFinder  |
|                           | .mobileprovision                     |
| SIGH_PROFILE_PATHS        | ["/Users/dylan/Code/Wayfinder/AppSt  |
|                           | ore_com.dylanelliott.ATMMachineFind  |
|                           | er.mobileprovision"]                 |
| SIGH_UDID                 | 5b816acf-436a-4f26-97f3-121f4cb962d  |
|                           | 9                                    |
| SIGH_UUID                 | 5b816acf-436a-4f26-97f3-121f4cb962d  |
|                           | 9                                    |
| SIGH_NAME                 | com.dylanelliott.ATMMachineFinder    |
|                           | AppStore                             |
| SIGH_PROFILE_TYPE         | app-store                            |
| IPA_OUTPUT_PATH           | /Users/dylan/Code/Wayfinder/ATMMach  |
|                           | ineFinder.ipa                        |
| DSYM_OUTPUT_PATH          | /Users/dylan/Code/Wayfinder/ATMMach  |
|                           | ineFinder.app.dSYM.zip               |
| XCODEBUILD_ARCHIVE        | /Users/dylan/Library/Developer/Xcod  |
|                           | e/Archives/2020-04-05/ATMMachineFin  |
|                           | der 2020-04-05 23.45.51.xcarchive    |
| SNAPSHOT_SCREENSHOTS_PATH | /Users/dylan/Code/Wayfinder/fastlan  |
|                           | e/screenshots                        |
+---------------------------+--------------------------------------+
[23:52:57]: [31mCould not find ipa file at path '/Users/dylan/Code/Wayfinder/ATMMachineFinder.ipa'[0m

+------+------------------------+-------------+
|              [32mfastlane summary[0m               |
+------+------------------------+-------------+
| Step | Action                 | Time (in s) |
+------+------------------------+-------------+
| 1    | Switch to tuist lane   | 0           |
| 2    | tuist generate -p ..   | 2           |
|      | --project-only         |             |
| 3    | create_app_online      | 8           |
| 4    | get_provisioning_prof  | 12          |
|      | ile                    |             |
| 5    | build_app              | 49          |
| 6    | snapshot               | 379         |
| üí•   | [31mupload_to_app_store[0m    | 0           |
+------+------------------------+-------------+

[23:52:57]: [31mfastlane finished with errors[0m

#######################################################################
# fastlane 2.144.0 is available. You are on 2.131.0.
# You should use the latest version.
# Please update using `fastlane update_fastlane`.
#######################################################################
2020-04-05 23:45:49.637 xcodebuild[37299:675137]  DTDeviceKit: deviceType from 00008030-000878D22622802E was NULL
2020-04-05 23:45:49.761 xcodebuild[37299:675133]  DTDeviceKit: deviceType from 00008030-000878D22622802E was NULL
warning: Could not open '/Users/dylan/Library/Caches/org.carthage.CarthageKit/DerivedData/11.3.1_11C504/Alamofire/5.1.0/Build/Intermediates.noindex/ArchiveIntermediates/Alamofire iOS/IntermediateBuildFilesPath/Alamofire.build/Release-iphoneos/Alamofire iOS.build/Objects-normal/arm64/Alamofire.swiftmodule'

2020-04-05 23:46:42.135 xcodebuild[37710:679465]  DTDeviceKit: deviceType from 00008030-000878D22622802E was NULL
2020-04-05 23:46:42.257 xcodebuild[37710:679464]  DTDeviceKit: deviceType from 00008030-000878D22622802E was NULL
[31m
[!] Could not find ipa file at path '/Users/dylan/Code/Wayfinder/ATMMachineFinder.ipa'[0m
